<?xml version="1.0" encoding="UTF-8"?>
<!-- Generated by org.testng.reporters.JUnitXMLReporter -->
<testsuite ignored="0" hostname="DESKTOP-MOP20SR" failures="0" tests="6" name="Default test" time="6.435" errors="0" timestamp="2022-09-02T19:16:40 BST">
  <testcase classname="api.test.DDTests" name="testPostUser" time="1.896"/>
  <testcase classname="api.test.DDTests" name="testPostUser" time="0.68"/>
  <testcase classname="api.test.DDTests" name="testPostUser" time="0.713"/>
  <testcase classname="api.test.DDTests" name="testDeleteUserByName" time="0.697"/>
  <testcase classname="api.test.DDTests" name="testDeleteUserByName" time="0.691"/>
  <testcase classname="api.test.DDTests" name="testDeleteUserByName" time="0.716"/>
</testsuite> <!-- Default test -->
