<?xml version="1.0" encoding="UTF-8"?>
<testng-results ignored="0" total="4" passed="4" failed="0" skipped="0">
  <reporter-output>
  </reporter-output>
  <suite started-at="2022-09-03T13:47:18 BST" name="PetSuite" finished-at="2022-09-03T13:47:24 BST" duration-ms="5631">
    <groups>
    </groups>
    <test started-at="2022-09-03T13:47:18 BST" name="PetTest" finished-at="2022-09-03T13:47:24 BST" duration-ms="5631">
      <class name="api.test.UserTests2">
        <test-method is-config="true" signature="setup()[pri:0, instance:api.test.UserTests2@35ef1869]" started-at="2022-09-03T13:47:18 BST" name="setup" finished-at="2022-09-03T13:47:19 BST" duration-ms="517" status="PASS">
          <reporter-output>
          </reporter-output>
        </test-method> <!-- setup -->
        <test-method signature="test_PostUser()[pri:1, instance:api.test.UserTests2@35ef1869]" started-at="2022-09-03T13:47:19 BST" name="test_PostUser" finished-at="2022-09-03T13:47:21 BST" duration-ms="2132" status="PASS">
          <reporter-output>
          </reporter-output>
        </test-method> <!-- test_PostUser -->
        <test-method signature="test_getUserByName()[pri:2, instance:api.test.UserTests2@35ef1869]" started-at="2022-09-03T13:47:21 BST" name="test_getUserByName" finished-at="2022-09-03T13:47:22 BST" duration-ms="843" status="PASS">
          <reporter-output>
          </reporter-output>
        </test-method> <!-- test_getUserByName -->
        <test-method signature="test_updateUserByName()[pri:3, instance:api.test.UserTests2@35ef1869]" started-at="2022-09-03T13:47:22 BST" name="test_updateUserByName" finished-at="2022-09-03T13:47:23 BST" duration-ms="1334" status="PASS">
          <reporter-output>
          </reporter-output>
        </test-method> <!-- test_updateUserByName -->
        <test-method signature="test_deleteUserByName()[pri:4, instance:api.test.UserTests2@35ef1869]" started-at="2022-09-03T13:47:23 BST" name="test_deleteUserByName" finished-at="2022-09-03T13:47:24 BST" duration-ms="612" status="PASS">
          <reporter-output>
          </reporter-output>
        </test-method> <!-- test_deleteUserByName -->
      </class> <!-- api.test.UserTests2 -->
    </test> <!-- PetTest -->
  </suite> <!-- PetSuite -->
</testng-results>
