<?xml version="1.0" encoding="UTF-8"?>
<testng-results ignored="0" total="4" passed="4" failed="0" skipped="0">
  <reporter-output>
  </reporter-output>
  <suite started-at="2022-09-03T12:44:10 BST" name="PetSuite" finished-at="2022-09-03T12:44:16 BST" duration-ms="5629">
    <groups>
    </groups>
    <test started-at="2022-09-03T12:44:10 BST" name="PetTest" finished-at="2022-09-03T12:44:16 BST" duration-ms="5629">
      <class name="api.test.UserTests2">
        <test-method is-config="true" signature="setup()[pri:0, instance:api.test.UserTests2@4550bb58]" started-at="2022-09-03T12:44:11 BST" name="setup" finished-at="2022-09-03T12:44:11 BST" duration-ms="551" status="PASS">
          <reporter-output>
          </reporter-output>
        </test-method> <!-- setup -->
        <test-method signature="test_PostUser()[pri:1, instance:api.test.UserTests2@4550bb58]" started-at="2022-09-03T12:44:11 BST" name="test_PostUser" finished-at="2022-09-03T12:44:13 BST" duration-ms="2024" status="PASS">
          <reporter-output>
          </reporter-output>
        </test-method> <!-- test_PostUser -->
        <test-method signature="test_getUserByName()[pri:2, instance:api.test.UserTests2@4550bb58]" started-at="2022-09-03T12:44:13 BST" name="test_getUserByName" finished-at="2022-09-03T12:44:14 BST" duration-ms="756" status="PASS">
          <reporter-output>
          </reporter-output>
        </test-method> <!-- test_getUserByName -->
        <test-method signature="test_updateUserByName()[pri:3, instance:api.test.UserTests2@4550bb58]" started-at="2022-09-03T12:44:14 BST" name="test_updateUserByName" finished-at="2022-09-03T12:44:15 BST" duration-ms="1425" status="PASS">
          <reporter-output>
          </reporter-output>
        </test-method> <!-- test_updateUserByName -->
        <test-method signature="test_deleteUserByName()[pri:4, instance:api.test.UserTests2@4550bb58]" started-at="2022-09-03T12:44:15 BST" name="test_deleteUserByName" finished-at="2022-09-03T12:44:16 BST" duration-ms="613" status="PASS">
          <reporter-output>
          </reporter-output>
        </test-method> <!-- test_deleteUserByName -->
      </class> <!-- api.test.UserTests2 -->
    </test> <!-- PetTest -->
  </suite> <!-- PetSuite -->
</testng-results>
