<?xml version="1.0" encoding="UTF-8"?>
<!-- Generated by org.testng.reporters.JUnitXMLReporter -->
<testsuite ignored="0" hostname="DESKTOP-MOP20SR" failures="0" tests="4" name="PetTest" time="5.631" errors="0" timestamp="2022-09-03T13:47:24 BST">
  <testcase classname="api.test.UserTests2" name="test_PostUser" time="2.132"/>
  <testcase classname="api.test.UserTests2" name="test_getUserByName" time="0.843"/>
  <testcase classname="api.test.UserTests2" name="test_updateUserByName" time="1.334"/>
  <testcase classname="api.test.UserTests2" name="test_deleteUserByName" time="0.612"/>
</testsuite> <!-- PetTest -->
