<?xml version="1.0" encoding="UTF-8"?>
<!-- Generated by org.testng.reporters.JUnitXMLReporter -->
<testsuite ignored="0" hostname="DESKTOP-MOP20SR" failures="0" tests="4" name="PetTest" time="5.629" errors="0" timestamp="2022-09-03T12:44:16 BST">
  <testcase classname="api.test.UserTests2" name="test_PostUser" time="2.024"/>
  <testcase classname="api.test.UserTests2" name="test_getUserByName" time="0.756"/>
  <testcase classname="api.test.UserTests2" name="test_updateUserByName" time="1.425"/>
  <testcase classname="api.test.UserTests2" name="test_deleteUserByName" time="0.613"/>
</testsuite> <!-- PetTest -->
